3 0 39 35 
3 180 244 250 
3 216 128 20 
3 33 185 67 
4 167 91 45 183 
3 65 32 265 
3 54 239 51 
4 36 281 199 130 
3 116 40 12 
3 221 282 264 
3 234 277 112 
3 179 172 255 
3 212 122 145 
3 168 113 205 
3 275 174 242 
3 34 224 219 
3 41 284 266 
3 296 214 238 
3 87 102 31 
3 85 146 289 
3 184 28 223 
3 249 121 104 
3 108 230 181 
3 88 217 78 
3 164 241 292 
3 99 29 196 
3 110 204 155 
3 80 82 192 
3 103 202 152 
3 8 64 55 
3 75 68 228 
3 72 271 43 
3 4 222 106 
3 162 11 262 
3 134 50 182 
3 259 27 17 
3 159 258 206 
3 148 243 100 
3 294 111 215 
3 7 14 115 
3 246 254 141 
3 203 158 71 
3 286 157 59 
3 299 26 142 
3 276 86 154 
3 133 207 288 
3 210 209 252 
3 62 3 297 
3 220 268 176 
3 24 295 280 
3 260 61 47 
3 127 170 251 
3 161 236 66 
3 13 177 186 
3 92 163 256 
3 136 89 231 
3 137 117 120 
3 58 191 126 
3 95 160 233 
3 285 42 208 
3 150 23 1 
3 15 73 240 
3 227 298 279 
3 225 237 229 
3 290 109 272 
3 218 197 69 
3 193 253 30 
3 144 140 37 
3 74 48 270 
3 273 22 97 
3 18 147 143 
3 56 195 123 
3 187 114 46 
3 107 6 194 
3 213 81 247 
3 63 131 151 
3 38 93 178 
3 105 190 293 
3 171 269 135 
3 263 90 94 
3 57 235 49 
3 261 76 189 
3 125 10 52 
3 267 283 278 
3 200 25 84 
3 156 119 77 
3 245 138 211 
3 19 201 132 
3 60 101 153 
3 198 70 257 
3 79 118 173 
3 226 5 149 
3 44 83 169 
3 129 287 9 
2 232 16 
2 21 98 
3 166 124 274 
3 96 291 175 
3 188 248 2 
3 53 139 165 