1 6520 
1 262 
1 9702 
1 2007 
1 9099 
1 4144 
1 7904 
1 2343 
1 5317 
1 4898 
1 8452 
1 7329 
1 6363 
1 5864 
1 2693 
1 1480 
1 6072 
1 5739 
1 7003 
1 8606 
1 7882 
1 8070 
1 2298 
1 3905 
1 7314 
1 2491 
1 2735 
1 7028 
1 6462 
1 881 
1 39 
1 9509 
1 3187 
1 3864 
1 8038 
1 6830 
1 5437 
1 4998 
1 6362 
1 8160 
1 8991 
1 3134 
1 1817 
1 3198 
1 4303 
1 6548 
1 4996 
1 8732 
1 9503 
1 9011 
1 9764 
1 2881 
1 7182 
1 605 
1 1107 
1 6834 
1 6740 
1 2605 
1 558 
1 2288 
1 9624 
1 7476 
1 6382 
1 6581 
1 1773 
1 7280 
1 8239 
1 7966 
1 7347 
1 2204 
1 3508 
1 5156 
1 5763 
1 1721 
1 2134 
1 7373 
1 264 
1 8464 
1 928 
1 5426 
1 2591 
1 4924 
1 9489 
1 4301 
1 8721 
1 4087 
1 9100 
1 9897 
1 5377 
1 9444 
1 6724 
1 5321 
1 134 
1 3887 
1 2787 
1 4532 
1 3491 
1 2984 
1 613 
1 9751 
1 4450 
1 1071 
1 1594 
1 854 
1 4184 
1 7318 
1 3311 
1 5625 
1 3265 
1 288 
1 3962 
1 8885 
1 129 
1 8667 
1 698 
1 3877 
1 723 
1 1680 
1 1725 
1 6169 
1 8893 
1 9451 
1 5679 
1 4029 
1 5997 
1 3705 
1 1374 
1 8625 
1 4135 
1 3256 
1 3625 
1 6526 
1 2147 
1 631 
1 3215 
1 7196 
1 8565 
1 2692 
1 5593 
1 1188 
1 8749 
1 2122 
1 619 
1 1545 
1 8786 
1 103 
1 3630 
1 5452 
1 4148 
1 7387 
1 5151 
1 2918 
1 1666 
1 5833 
1 2499 
1 205 
1 8868 
1 2959 
1 5260 
1 9663 
1 3828 
1 4647 
1 7892 
1 3163 
1 2863 
1 8048 
1 6108 
1 1691 
1 5604 
1 4220 
1 2261 
1 7205 
1 5950 
1 2382 
1 5424 
1 171 
1 6514 
1 9447 
1 5072 
1 2082 
1 8046 
1 7937 
1 4942 
1 8167 
1 6181 
1 2112 
1 9097 
1 8736 
1 6689 
1 6935 
1 6102 
1 7253 
1 2379 
1 1586 
1 380 
1 3749 
1 1816 
1 3061 
1 2512 
1 2662 
1 5619 
1 2272 
1 9944 
1 7970 
1 2242 
1 8244 
1 2344 
1 8124 
1 8402 
1 5505 
1 3090 
1 3117 
1 2198 
1 5481 
1 3173 
1 7293 
1 1572 
1 1286 
1 8762 
1 8745 
1 1119 
1 6145 
1 6012 
1 4735 
1 8767 
1 1486 
1 6480 
1 2119 
1 7322 
1 946 
1 654 
1 2978 
1 2806 
1 4884 
1 2741 
1 447 
1 9788 
1 5895 
1 4163 
1 4460 
1 7798 
1 2522 
1 448 
1 3548 
1 3330 
1 3982 
1 9689 
1 9967 
1 3206 
1 3940 
1 5674 
1 19 
1 8353 
1 1908 
1 1554 
1 7501 
1 4340 
1 1155 
1 7181 
1 3139 
1 938 
1 3091 
1 4575 
1 9586 
1 1989 
1 1057 
1 6792 
1 3487 
1 9455 
1 8016 
1 7787 
1 7345 
1 7105 
1 6729 
1 2289 
1 1823 
1 8525 
1 7394 
1 6495 
1 8156 
1 5626 
1 9979 
1 5664 
1 4306 
1 4572 
1 1433 
1 3310 
1 6491 
1 8458 
1 4872 
1 1934 
1 8784 
1 9144 
1 2646 
1 7228 
1 7487 
1 4127 
1 6 
1 3337 
1 1041 
1 8785 
1 4944 
1 1270 
1 6470 
1 4249 
1 1367 
1 7653 
1 5694 
1 5044 
1 1459 
1 8272 
1 7438 
1 7431 
1 3980 
1 7741 
1 2517 
1 2721 
1 9814 
1 7285 
1 9648 
1 1975 
1 964 
1 8655 
1 825 
1 7711 
1 6902 
1 3359 
1 54 
1 9880 
1 9220 
1 8251 
1 6621 
1 3801 
1 6467 
1 5490 
1 4810 
1 1216 
1 164 
1 6131 
1 4054 
1 7563 
1 6365 
1 7133 
1 3213 
1 8718 
1 8683 
1 7536 
1 2018 
1 9158 
1 9780 
1 9657 
1 7267 
1 1215 
1 6281 
1 6055 
1 3721 
1 2316 
1 4673 
1 7460 
1 6353 
1 539 
1 8395 
1 7146 
1 3795 
1 355 
1 5908 
1 3694 
1 3515 
1 396 
1 204 
1 9919 
1 4074 
1 8087 
1 7833 
1 446 
1 4624 
1 9742 
1 4189 
1 9540 
1 2193 
1 5794 
1 5758 
1 8248 
1 8150 
1 7817 
1 5136 
1 461 
1 6207 
1 6530 
1 2269 
1 3868 
1 5898 
1 3733 
1 4298 
1 6692 
1 2400 
1 81 
1 9028 
1 8672 
1 1209 