28 9475 6190 4543 5185 7976 2701 7719 6446 9660 7651 3277 6098 6010 9217 6072 1469 299 7578 3255 7685 9638 9631 7354 6577 796 3279 7996 9895 
28 8450 8502 1364 5914 5483 8471 8992 6267 888 1555 5429 7672 7443 8639 6208 5270 449 386 2690 7283 6525 4013 2160 1454 6932 7729 8360 8670 
29 6198 7256 1062 9227 3462 1210 791 3297 8263 3678 2509 9983 2685 3251 5220 4230 5643 5493 3473 591 7716 6194 1989 1811 8306 6503 3962 870 7187 
29 1134 2830 7494 89 9966 5258 1969 8834 8463 1810 8025 3228 6976 1144 1188 1636 2034 1858 9709 9875 2458 1534 3469 3910 6324 891 3931 1484 1596 
29 2139 1925 7031 8566 8540 1260 6304 7751 7660 4500 9375 1799 2720 189 5504 5214 3409 6009 2488 9518 8580 6144 6316 4908 5527 3583 9444 3188 5107 
28 7678 4980 182 477 4476 2024 703 9795 4004 1307 7816 1182 4835 7682 6398 6451 6146 9405 7357 7550 1463 6158 1183 3752 2498 6303 8548 9481 
29 2234 4574 5934 6493 1737 4408 6622 1440 6793 219 6185 4519 2825 6993 4925 7859 6545 4693 5399 9701 9711 7434 5221 374 2248 2942 3030 265 2388 
29 8103 8404 4060 8481 6030 82 7721 1487 8873 5878 4559 3546 39 5200 5761 9091 1382 1613 5989 5986 1394 136 6342 8302 8810 7677 4058 5284 6588 
29 3060 9718 3937 9699 3811 6348 1674 3625 3724 400 7243 933 510 2404 8338 4839 3927 9551 2941 3751 9319 8521 614 4150 4798 940 7837 9544 3517 
29 45 9488 3775 8851 8841 4126 5671 9315 1420 670 6697 9704 9655 6298 7557 7681 7912 5389 8198 7959 2880 7862 6917 7376 8567 2712 368 4254 6804 
30 6261 724 1691 6699 9817 1016 3722 7526 2310 5510 5687 9482 529 3923 1482 9609 8759 6403 6689 1563 6023 6831 708 7461 9221 9353 9613 1270 4339 5065 
29 156 5798 9992 2482 2965 2339 3091 9183 3780 358 5781 1908 5766 3695 1853 1054 4129 8414 840 8997 3475 1755 2934 6909 3998 3196 4913 7174 2296 
28 9151 3581 8657 6664 2570 5658 1293 8564 2238 5862 8477 5350 359 9434 4417 7265 6282 9513 1780 4653 5676 5995 880 7074 1449 9347 6371 8964 
30 5266 7132 5967 5113 9019 7528 515 7061 380 4931 1096 1228 5106 709 7043 1358 4280 1272 8310 2118 2580 3749 5814 9193 9291 9759 1820 2895 1315 722 
29 835 8372 698 1779 273 5460 2992 2644 9182 9994 6606 3825 4689 259 7346 5752 981 5040 4865 4742 5047 8664 6733 1318 4222 6921 2306 5897 5269 
29 9053 4830 5245 4937 1053 3610 1198 7296 252 9270 4489 1557 1960 1544 6544 4855 7515 4149 8034 7027 8403 9102 4537 8647 4105 6783 9505 7854 5193 
30 8980 7511 5886 6363 4200 9915 5435 2687 980 2061 5530 4019 3127 5840 1135 9232 5642 2447 1366 3550 7874 1528 9722 9433 8363 2718 65 9573 7270 7272 
29 9670 2711 4754 9685 8872 2036 1093 7944 7561 1839 6708 9173 1880 239 1661 4471 9757 7676 744 7479 4876 315 2729 3527 2510 8582 5489 341 5453 
29 2758 7642 2793 5794 2640 5829 8266 2096 3904 4562 6860 8628 6927 1244 1467 6414 7779 9419 1336 1480 2871 4102 1570 6799 8672 9912 9723 6810 6405 
29 5876 9890 7216 6819 3259 1239 7572 1342 4589 4110 7473 6354 2520 2576 7831 8713 7155 6124 9922 1075 2958 3307 9623 9523 8637 6667 6776 869 7887 
28 3448 9960 7574 9506 7161 6313 1612 308 6615 7629 5035 8047 1034 2235 8601 5652 2110 1578 2639 4778 8181 3725 9503 6141 1762 5926 1327 2719 
30 2922 3198 7397 8778 9967 6481 2375 9936 4348 619 2097 9857 322 4919 9800 6904 6106 5252 646 6777 6349 1979 9691 7128 3450 6136 1015 2075 9607 2980 
28 1959 7313 5952 5965 6620 7845 4096 4015 8649 5843 1516 3146 4696 1870 947 5978 4843 4836 490 7070 827 9472 7197 5629 8979 8916 7921 7908 
28 8232 8394 2649 2971 5151 9489 7349 3984 7078 472 5311 8413 5063 5330 604 4240 3884 8563 4770 6165 6116 3699 6040 7616 3760 4461 6390 2497 
28 1711 9443 330 1148 3396 1631 3703 9585 4745 8458 2835 2651 2370 1796 9261 1706 1606 7881 7064 4846 6641 1455 1497 1479 6490 9904 8151 1099 
28 2995 7735 9166 6168 1080 2137 5912 6309 1253 1304 5314 4988 2276 7884 305 3657 7514 884 7510 6571 151 1529 7486 4407 5907 4552 7537 8009 
30 2822 9594 3765 6416 8950 931 7381 2608 4734 261 7784 1349 9247 9179 1744 8378 3437 8996 5419 8537 5602 2081 7113 7224 7287 1576 1115 9452 8216 411 
28 5959 9446 1956 8586 3953 4018 7149 4969 9848 9436 5121 7802 5000 3246 157 3525 6977 1156 5841 4886 7814 2356 8633 692 7106 8487 6842 4690 
29 2921 8039 1348 2916 1608 7957 6500 3854 141 4263 7062 8089 4344 5854 4371 8942 5531 4191 8259 9294 6568 9682 2374 2953 7411 5215 6821 3472 3634 
28 5371 9561 3772 3560 1429 7621 5863 4251 6328 3648 7336 1292 5118 6484 2939 9325 4106 241 3539 7403 7198 1208 9680 5101 4196 7223 6332 6279 
29 389 7047 4568 6402 7986 605 9494 8620 4385 5821 8944 546 7377 1128 8842 1142 8295 7500 5672 2662 1992 7137 217 9905 9667 6181 2487 6650 7688 
29 6812 6543 5973 8717 4976 4495 7878 7317 8638 525 4728 123 1147 4420 7088 4424 1828 6649 1471 9432 3933 8163 349 8955 1333 4197 7926 7718 3595 
31 6440 9543 3551 6992 6117 229 5783 6299 9107 6300 5012 2735 2808 2699 2977 5720 8597 3639 6724 5980 1970 2733 3862 6771 1869 2990 9710 1022 8187 5991 969 
28 1179 9211 8366 702 6936 8063 8766 1996 4692 2064 110 1526 6999 5332 782 2970 4815 650 1246 6788 748 423 2824 7683 1765 9422 1211 6625 
30 187 4801 1896 1816 8885 9123 8697 5224 513 6744 2846 620 753 7873 1126 8814 8124 6594 6617 1502 9016 4928 3509 7659 441 8554 5870 4793 5042 6413 
28 5634 7297 5475 7335 9702 5680 6766 1592 1735 7680 9376 7032 9750 7620 4862 5577 3576 226 7732 3967 8729 4651 1718 2214 6203 3958 224 4329 
28 2734 7901 7708 4769 6374 6421 2295 1160 4185 1427 2373 2255 3795 8963 9796 7212 1117 481 8379 1844 2486 3613 8940 5582 5633 8501 4775 1651 
28 8172 8948 8565 540 404 4181 2622 760 5748 9885 833 9862 2852 6063 7146 7172 3869 2660 7127 272 8361 3726 9514 8174 1227 2881 3956 1397 
28 1408 3025 3972 429 2578 158 930 9078 4247 1269 4941 9821 5913 2944 1667 9283 3418 5464 1058 3915 6662 4000 632 651 7930 7966 7806 5208 
28 2368 1833 6600 5881 2253 1217 4703 4642 5401 6084 8391 4720 115 1621 1719 5746 955 2886 9901 8048 139 520 3586 3112 7788 3168 2925 9558 
27 3883 1568 3119 6623 9416 5868 473 7768 9808 2183 715 2116 9833 143 4776 9214 9046 1743 2742 9132 8449 8985 7644 5110 4561 6094 4037 
30 9058 5524 1060 6935 8273 8663 5682 8365 2194 5502 9919 5309 4658 6486 9334 30 388 3571 3378 2208 935 1814 7892 1112 9065 5459 3311 7631 7978 3748 
31 6599 395 7096 34 2963 4910 2873 590 975 2983 4432 6069 4435 1214 9365 5132 2077 131 8226 2113 7447 5335 3843 9402 5085 2250 1947 2828 1255 2585 3504 
29 8725 2146 6687 6482 6150 4784 3049 5580 6274 7468 1082 6171 8967 237 673 9707 5827 6963 2521 72 3395 5004 2199 2285 1957 1316 9991 5361 1648 
29 7277 2698 5324 2715 3582 6681 7668 2770 3299 6236 4396 8894 301 403 2984 585 6629 2484 2307 2344 9566 5321 7140 3154 6838 7386 7089 9100 7947 
29 2150 3968 5846 5237 3524 629 81 1340 9619 8486 3166 1861 6238 4092 6915 9923 318 3567 7585 3248 9965 6834 6467 5300 5560 2709 5849 6737 4014 
27 4115 4474 2777 6961 3702 4104 8494 3243 409 413 9012 8558 4583 6873 3853 5037 9981 8973 1510 4536 6548 7714 7094 4532 4548 6264 8618 
28 9738 5552 4303 8166 4957 9515 2801 6990 6971 974 3791 2647 7237 1879 7233 9668 8534 2174 9239 4206 8071 3521 7019 2393 1975 2999 5178 5486 
27 9861 8468 6888 5112 9612 4250 1229 7393 1603 8593 2030 3817 609 9824 210 4080 3971 8313 3263 9656 5715 5225 1580 9900 3308 2431 4821 
27 3216 7175 6754 5298 7667 2258 5218 3905 3683 9363 4401 6510 4343 4851 6362 3535 7231 5931 6987 5143 506 5380 2667 6153 6881 2634 6627 
29 3183 2563 7395 108 1417 6113 6242 5022 3103 6312 4900 4292 4153 2124 3303 9002 7102 2226 756 2723 2898 6297 9479 4485 3352 8146 6673 561 9354 
29 5604 688 9942 1037 6983 7177 1165 8111 5163 5757 8912 7472 3194 8145 387 4602 9595 6170 8847 2026 8800 4208 160 2987 442 9143 8596 6235 4747 
30 3039 2652 4878 7329 9052 8445 3238 2154 3619 74 8211 1694 7400 3174 8775 539 6448 9564 8720 500 9512 6700 5172 8772 1790 5261 9828 8070 9015 470 
29 2820 7006 8415 5153 780 4192 4307 7880 2917 7580 1011 5279 2076 2577 9411 6100 7558 6334 4847 3822 7826 2073 2377 6560 3351 5725 4735 8402 9802 
29 9392 6021 5941 7648 6790 6123 3225 150 6473 6256 3484 5770 4132 6945 3096 7124 9387 613 4572 1649 5626 8382 7498 7342 4271 378 2400 6680 7021 
28 1666 9688 3656 3698 4249 7980 6658 3513 3018 4095 9090 9051 9233 5606 7271 8370 5651 875 8397 4073 3626 8188 485 1981 8731 2814 4097 5723 
30 3187 1187 4338 6231 906 2358 2468 5138 901 9733 9056 4047 2355 3981 1963 2872 7546 9717 801 6087 4863 9775 5922 9335 787 6654 2357 7965 8479 7326 
29 1434 2823 7030 7611 8829 4144 4304 9055 7960 8687 8150 70 6997 3834 6024 382 8095 8139 5393 5636 6896 6126 9205 9181 1470 8516 556 1350 7348 
29 9141 4501 8927 7636 2048 6912 3114 8022 8322 9883 991 9703 3121 1091 3646 169 4656 324 4842 763 1476 7913 963 3163 2927 4412 3467 2213 8194 
30 3425 4922 1805 1862 8699 309 5901 5353 9350 2403 135 4243 9855 2390 8886 4351 6226 4051 6288 6863 4513 3787 3673 5981 5819 616 9927 1027 6942 5517 
29 6781 5673 687 2858 7295 375 9302 1222 5739 9499 6666 4732 2923 9068 8915 2549 2387 263 3790 7624 8662 3115 2875 8433 4320 5711 9765 3062 2406 
29 3190 377 7787 417 8049 7790 1095 7467 6874 1602 6385 6918 3982 600 6375 5943 8599 4596 3222 4670 2628 6080 6602 2638 1305 31 145 7841 1627 
29 4172 1143 4765 2459 5244 9027 2609 674 9949 6690 2924 4914 5874 376 7924 9630 2327 5554 5103 5338 4308 897 7480 714 3936 3207 6722 2016 9418 
30 2635 1788 2442 2399 7543 3275 8012 9753 2525 6795 5547 2052 8844 3584 1873 9390 3250 2697 6249 4023 9088 1987 6089 11 3426 8515 2094 9687 4714 7886 
29 3516 9248 3579 8833 9719 489 8532 1767 6329 9842 4101 1698 9845 3894 5356 4838 1224 9626 807 8930 6886 1646 3447 8606 2311 575 8784 5410 3767 
29 3117 4581 5889 4458 1422 4156 221 7201 107 5159 8603 4124 6590 4612 6684 5800 5540 8529 7365 1702 6043 5203 293 8179 3727 9579 1550 2968 3876 
28 4904 4494 1040 3921 9806 4391 7016 5916 6764 1120 7875 1168 4565 6646 5135 361 7630 7217 4475 3394 3189 6903 9813 5173 2448 3101 5877 9914 
29 7318 6891 7343 5511 6925 3455 8421 1521 3858 8641 734 8067 5292 4930 6345 5104 8288 9262 8271 179 5271 2102 4403 4907 9576 6305 2807 2952 9478 
29 3592 3076 1768 350 4710 5726 5619 4395 4545 4388 1233 2040 5290 7860 2800 700 8975 834 8827 8817 5858 7303 7933 4468 7453 7280 7951 7934 3021 
30 6056 9696 2803 5908 4279 6351 706 1131 7896 4880 4641 9921 8222 2465 2500 9935 492 8029 9174 9920 3900 5656 6592 9450 3369 6360 7029 8092 277 9600 
29 493 8669 4259 3679 3518 8910 6710 9622 6562 2892 5023 4293 8824 8826 6892 920 7564 6758 755 8868 4982 4859 6501 4741 2478 9045 7852 6561 9154 
30 6428 4398 4392 7529 3855 4195 9874 9803 0 425 2176 3336 3606 6378 7809 7058 4373 1977 6946 524 1733 1696 885 3994 6260 8708 8830 6883 3918 2480 
29 6933 9440 4170 3099 1465 5307 1243 8741 1028 1039 6033 5083 2878 9118 3477 2125 3499 7829 2128 268 5697 1157 4968 2597 37 5936 9774 9645 8805 
30 2603 8595 1424 288 9384 7723 8594 2591 1541 7693 3989 8253 5442 9250 5962 7656 2631 8158 3088 2473 9230 2180 1107 316 754 6916 9423 3305 3555 2423 
28 8033 7427 2297 3575 2736 9139 6794 91 5296 8783 4997 3797 2020 3926 8436 9877 2708 7591 9480 8703 7599 7451 4449 9572 6709 4695 9152 9827 
31 691 2996 2332 5942 1964 8615 6580 385 4134 5090 1431 6574 3563 6206 3759 4157 214 2130 887 3371 9846 6219 364 7204 6239 2376 7332 1428 3589 7422 7162 
29 2600 3782 7011 5128 1178 7865 7117 4117 7703 1189 8214 2188 5417 1314 8787 7778 1495 5498 7373 9105 7293 2669 8243 2104 6169 8011 950 5473 7414 
29 3153 8590 2836 1675 5148 6485 606 8920 3711 8206 6705 8813 2859 805 5067 611 9683 9647 5799 3788 668 7562 6579 6631 1626 3734 8743 3334 6172 
26 7245 1125 5206 5387 3405 6464 1009 2853 8680 9548 4383 5890 6735 2546 7126 1511 1341 8016 4899 8405 4462 5039 5812 882 4643 8932 
29 42 3482 5529 2252 4152 4252 8239 4524 9554 3388 8652 8008 1085 4294 831 6462 2889 2047 1684 7366 7420 4173 6661 8823 1543 1385 8353 8715 6051 
29 7759 4107 6729 6463 5668 3898 2519 7065 3745 468 8602 384 3839 2811 838 6321 5730 3043 8866 631 4269 6805 5358 2694 5402 439 6755 6142 2894 
30 9822 9054 7793 9646 7707 6718 9329 93 9725 4521 5133 7407 54 5852 6941 1308 5095 1567 2231 5212 5750 3342 8785 3070 7754 9878 7738 4590 8514 5690 
29 1785 1030 6461 7458 434 3851 1542 4273 1725 3069 8668 8943 6310 6809 5048 1392 2888 9295 2173 4618 7372 6196 9306 2796 517 8750 5736 2267 5211 
29 8854 2766 9568 4717 2535 8937 1865 927 3130 2230 648 6693 55 3585 1451 6438 2341 2299 1955 6064 7170 3338 4324 5624 2491 79 6798 5002 7722 
30 7849 8299 3693 3316 6973 2144 5883 164 5390 3086 2513 3058 3020 9769 844 2324 8764 461 7428 2665 6937 3750 5217 4999 9020 1474 5471 3468 126 8636 
28 7833 4634 528 4650 9120 2768 9229 9939 3234 1852 8878 1320 3464 2845 9424 9507 3004 6939 7083 3964 3497 8531 7101 4959 6828 4762 2481 6055 
29 2849 9814 4989 6890 9039 3442 9096 4183 8328 2289 5976 2068 2120 3798 7509 1662 9666 5627 5422 6195 5362 9843 9603 195 894 5549 5918 5021 5674 
28 2854 5233 8678 479 4926 7436 7910 6747 2601 4638 9593 1747 6665 3054 6743 6521 5806 7848 4786 4731 5684 2503 4270 7477 2779 8024 9188 1177 
30 2772 8607 314 4068 961 9484 6985 9238 2674 1895 8040 4856 4223 334 8482 2683 6439 4970 1763 355 847 3809 7274 6254 4783 1812 453 1295 8768 8465 
29 7643 9692 256 3322 9772 6554 5167 3934 4831 9973 521 7560 4601 2171 2869 1876 6353 9567 4187 279 1090 767 298 3084 6325 9894 9580 5007 6614 
30 2440 5325 1437 2263 3295 6005 5610 7777 3192 6584 4888 5533 9249 6811 922 9326 5505 2485 4010 4595 9199 6923 1232 8160 1538 509 7726 936 5836 4964 
28 7080 7606 5903 3324 676 238 3300 5772 565 4833 7355 2262 9792 8341 1122 1673 6494 1903 4987 2676 9574 7567 6619 6745 7166 8891 6564 8392 
28 3249 6770 7694 8438 1758 3267 1238 8828 6160 3144 8245 3955 228 9694 6483 4335 2692 1033 1190 9521 4626 8719 9364 7972 7770 7856 578 6806 
28 6130 7545 8971 5675 4034 7485 1300 6522 8005 465 7950 6454 916 2165 4368 2287 9893 536 8199 9005 7627 7311 6774 7601 2627 3979 4962 7063 
29 2223 6791 3911 9930 4186 9322 9825 8831 4048 356 3229 9087 7432 5024 3390 4128 9616 9276 17 2592 853 9275 9146 5180 9953 8018 6074 2594 202 
28 6340 7855 5195 3659 2141 9462 8913 9533 4444 6847 4130 2946 331 6508 7692 5737 6884 4654 2726 9396 867 8342 6899 4664 8068 4890 4235 531 
29 2446 9858 8543 1860 2145 6995 2677 3019 2313 5861 1207 7328 3453 4081 664 6048 4496 1781 8921 463 2172 7266 7339 1061 1279 172 9383 8879 6491 
28 9581 8579 7235 3643 4436 873 784 8791 5053 2538 2629 1589 8352 2551 6706 6607 7218 7476 9195 8301 765 4210 1874 4459 7478 2031 2956 2084 
30 1808 3104 4390 7979 3264 6516 4314 3033 2334 1882 1532 391 2474 9906 6721 4779 5775 2432 1073 8608 4464 2605 2575 4267 6499 8935 4947 7997 3529 6014 
29 7590 957 7448 5815 2930 908 4673 6419 1121 6233 2547 9728 567 6829 1494 7184 775 3359 3056 3973 1356 5576 8451 5686 1815 5559 1916 4708 3386 
28 2586 7186 2152 8003 3620 6844 4221 8646 6162 5100 6138 6552 8512 7077 8630 4883 9169 7143 7573 2515 9834 1202 186 7618 2505 8484 9161 6537 
28 2863 9136 915 6092 3907 5654 1412 4550 6550 1971 8617 997 9370 2632 9359 958 6518 3325 7964 8380 7182 6858 8203 7970 8953 4353 6732 3810 
28 7320 2163 7222 3302 9735 1985 9537 5596 9324 925 8330 642 92 2413 48 8190 2111 2792 5463 6333 9938 3861 9661 9025 2329 8037 655 4915 
30 6096 8085 3128 4802 9397 6016 9356 7840 7111 5523 5238 4687 2705 710 4723 1664 5594 9596 1931 976 8767 3093 8136 2284 1877 5813 574 4556 2157 2107 
29 5588 2381 3361 7752 5910 4636 8634 5157 7316 2689 5366 4533 5834 2463 1936 1353 5479 9471 4498 8496 1234 5339 4624 9686 6366 6573 8290 6952 6632 
29 7851 2847 5069 3005 6410 171 2429 3486 2470 5838 1218 3315 2148 4749 1771 8578 6714 3046 4372 3029 9373 3572 3996 978 4995 4518 1313 1235 2507 
30 5679 1660 9868 1192 2304 2752 4817 4486 9648 8876 4929 8369 2897 6352 2973 6433 4814 4893 4305 3549 4711 1251 3990 2865 8685 8110 4680 6626 6656 7456 
30 5260 7760 9117 1818 4 952 5990 6634 6205 3341 6276 9420 5584 8144 5198 4011 1070 2757 4470 3276 6691 7945 4427 2553 7052 5386 9080 8062 4418 9604 
29 5454 3902 7704 7173 5895 4716 9147 1414 435 9267 9093 9910 644 4825 2743 5426 4614 471 1710 5078 562 8173 7445 1583 9582 6358 3074 1551 9770 
29 4967 3210 3899 4217 4715 5860 1138 2748 7592 5235 5856 2062 7785 9490 5122 7075 9810 5013 6938 1426 7940 9048 2443 5016 8695 5032 3161 6038 2611 
28 4506 3860 281 2244 9076 1257 8924 1904 9781 6872 1622 7188 9228 7025 914 8688 5880 8041 9316 5754 9298 9013 5589 6076 7396 4841 2985 3570 
29 295 8364 6765 2573 2966 3836 3479 2738 2477 5403 2763 5404 5611 406 7953 2508 1047 7353 6336 761 9137 6642 5088 8393 6943 6901 5507 3059 4171 
29 5455 1752 9635 1822 7625 1740 690 5376 9327 4163 1000 4456 3685 6399 4277 3287 4522 1973 2625 7956 4022 8428 6702 6797 3940 7731 5621 3080 63 
27 9351 1387 4773 6509 338 1042 964 36 6572 2931 9664 2900 6272 7035 9876 4125 7273 9929 2490 5866 7263 7139 6293 652 4224 2349 711 
30 3160 8730 554 9522 4151 7603 1276 7412 6212 3770 4736 168 2426 1935 5600 3944 4167 6991 4094 4924 1729 4245 4971 9063 6569 262 47 7764 9296 1298 
28 2098 816 7402 8464 3009 53 5323 3520 8528 6344 6210 8552 5438 3034 4139 1050 2910 3718 776 4528 8065 7619 7868 2211 5256 953 4419 9577 
28 4935 7337 6200 9755 1597 6876 971 662 1064 4785 4032 5347 8115 7739 2225 3213 2309 100 3666 5094 7530 6926 464 4411 9244 2291 7399 8629 
29 8598 8561 7918 61 5109 3744 3318 7028 8793 3784 6800 1754 3435 430 1146 9588 418 3552 3329 9985 1296 8806 3221 5184 640 7413 9474 1991 2565 
29 6613 2517 5492 3149 5826 304 2359 771 1485 7671 392 8859 8536 5848 4813 4312 5648 1346 5123 5977 6285 3793 9369 6583 1714 4702 5054 9330 5033 
28 4114 7566 2365 8875 1059 1659 6049 8454 4083 5045 4281 6813 8435 9448 7893 938 645 7823 4763 8822 4932 3823 2437 8535 1266 5678 4956 9741 
27 3042 4397 7251 1756 684 2439 3170 3185 576 4201 5701 5579 9185 245 5662 222 2492 5572 9000 7254 6679 7857 9032 2093 2737 7772 8887 
29 8544 625 6879 5472 1175 3380 7637 6099 8553 437 8493 9035 5699 4992 3568 9931 5378 2445 7210 3244 3976 2366 4075 8556 2885 8061 6442 1738 6301 
29 333 8267 1196 6970 1560 3536 9391 7464 9975 841 7330 532 8832 1948 4098 533 1713 830 440 9758 495 7497 542 942 5946 5196 1010 9650 4625 
28 9832 5703 8386 5462 4966 5724 62 184 6436 9737 5793 1723 1319 6187 3061 9344 9852 2945 1213 4719 1180 9541 2190 4336 4490 3173 7424 3436 
28 3660 750 9200 4006 7575 6255 2391 2331 4889 3398 7071 9092 9158 9010 6338 3343 9021 5495 5139 4211 7391 9374 6782 3909 9586 3366 7165 519 
28 4052 4796 5564 1410 4622 768 2129 5315 111 59 9780 3147 7792 1094 95 1391 414 1338 2974 3736 8430 9602 3706 2422 4346 9358 3857 3818 
28 9145 4759 5984 2 9095 9549 7375 8673 4044 3340 3364 5480 4147 3199 9996 5409 4232 2379 8367 4686 3597 5735 8104 948 3014 6311 1727 9404 
29 9997 2414 4797 9251 9175 2633 15 6616 1433 2415 5603 1867 907 8509 8329 5646 379 6466 4202 6589 2831 9649 5792 4790 3237 41 637 2901 85 
29 5831 804 6720 8400 9984 9640 5867 5742 720 1083 332 8284 3314 2589 1458 7757 6861 3085 7285 9516 6034 8101 9061 8811 2626 9698 4827 2620 1778 
29 7136 9360 7569 8503 4777 8418 2673 3420 7755 9203 8131 3507 9216 4511 1905 6365 7836 2087 9611 1940 6067 4810 50 5232 3547 1967 2670 9431 7234 
29 5482 1415 3460 9933 7867 7715 3917 2536 4194 4363 8318 1444 1044 777 7114 6220 3837 507 7433 3485 4939 2159 5190 4733 8522 4811 5948 8412 9527 
28 8044 2086 8026 2769 6073 8681 9665 6369 2680 4527 9067 8815 3124 7242 1552 6539 4244 2133 6528 3397 6370 876 2065 6356 8776 5789 6179 4361 
29 5954 2198 9361 7864 3150 5102 8006 996 3037 4289 1849 9127 4284 1280 2082 6696 9794 9659 4261 774 5893 3413 4121 2884 121 8077 5317 3913 4331 
29 681 6956 4701 2933 6910 3283 6816 9406 1836 9308 3362 9029 1695 2790 2534 7493 9823 4164 842 1803 2361 5328 2162 6478 7121 9030 7371 3829 2518 
27 6885 5801 2785 7120 9073 3036 4903 541 3429 230 7257 7213 5869 6026 3920 7888 3960 6120 7582 9341 9331 2336 3045 2275 9916 4345 7559 
29 1111 1204 8654 8431 1926 6000 610 4377 8914 4588 4334 4374 3131 4425 2903 3108 3662 4310 2270 3089 154 3206 1110 4505 2721 1361 7843 6955 9343 
29 8019 1377 9695 8118 9636 4629 2569 8442 800 5822 5382 4564 3356 412 6006 9421 8242 3805 8684 4991 3365 2196 6517 3838 9277 516 8928 5930 9700 
28 4189 1312 4481 3746 9752 4788 7988 7240 4370 3637 560 4823 7247 3132 5477 635 8319 912 9085 6549 5961 8010 5571 6717 8895 4257 2249 7134 
29 4467 3233 1247 5156 8906 3716 7087 2242 1411 7597 4898 6191 3290 2686 643 7171 6726 8133 248 6875 2641 1381 9539 3559 892 2834 2119 8240 9255 
29 6430 5645 7946 2418 3278 8237 4030 9394 9393 8723 5514 7345 8939 8371 1892 8362 2206 64 4868 1006 2787 8209 8326 826 9082 5466 2616 6542 9941 
28 9106 2156 4057 3312 4046 2049 1282 1784 9059 4413 4726 2891 4906 6951 5027 4258 5541 5628 7943 657 579 9468 10 4608 196 1601 6947 6017 
29 7418 7229 9417 4996 5349 3139 6966 8569 2499 2318 7135 1647 5291 7459 8925 559 8860 335 4162 1619 3052 5762 7895 2454 8533 2706 287 6598 4576 
30 306 94 8125 276 1499 1220 4639 5228 1888 1797 7942 8159 7429 8345 4288 8882 1736 1403 444 3776 2449 433 206 6241 149 3938 2105 4674 2879 3952 
28 5835 8246 5209 5127 653 7286 5125 484 5969 2280 3286 140 8686 231 693 8982 1 4389 2997 165 2347 7452 5341 5521 7508 390 9866 4875 
28 6570 7613 1330 1614 8162 1236 3335 2027 2303 7955 5175 7525 3284 5664 3441 7853 2108 1654 9162 7398 9663 8359 9608 2751 2264 6377 1678 4594 
30 2870 2648 8523 5898 3950 6815 232 745 9495 8904 8013 5420 4100 6780 2645 7167 3978 2043 302 6058 1084 401 8998 5155 9022 7730 9041 1369 7294 2791 
30 1566 6227 9957 6294 2469 8936 397 43 4205 3887 5189 4990 223 1102 5152 7018 3605 6302 4085 7684 3466 944 9313 9496 1974 1254 8660 4698 7850 6088 
28 102 90 3630 9042 1558 3733 792 2774 9338 7401 5509 8294 2416 4603 1461 8990 7622 3231 599 3445 6608 770 1731 3493 4820 3645 5204 2338 
30 7138 929 548 6003 6275 4718 9909 4358 9990 5277 4679 1708 3434 1934 8384 8135 3301 6807 9426 5043 5034 5283 1617 9652 7048 105 2776 1672 8265 4087 
30 2717 8453 766 6635 7798 6677 2279 7538 1299 6553 9178 6225 9952 4379 3449 1507 4148 903 583 3754 1201 5979 5364 2529 5286 3729 1396 7553 8268 9799 
30 4182 5097 2954 5632 779 4628 1547 2531 5274 1310 4040 5501 5818 7340 8185 3942 2237 5731 8837 8571 9401 7226 3223 6636 8690 3157 5593 2143 2809 6065 
29 3873 1130 2069 8624 6869 7203 1004 9880 3802 9260 9368 8755 1490 918 1063 9292 5447 985 3621 742 1984 3980 3947 3841 8219 7090 5859 7654 2367 
27 3491 9764 4122 5997 1776 4053 9121 9762 5278 4647 8191 3456 1223 3180 2219 2407 3728 97 9519 9605 18 6077 1404 166 5050 6480 2103 
29 3636 3384 3878 1909 4529 8575 8754 6752 8154 1193 2802 9689 9187 9160 6741 5519 4623 9776 1286 9532 6071 4729 3498 9074 7544 8893 9971 9109 4131 
30 9413 4260 551 7922 3844 294 1639 9943 9084 1883 7761 7863 5352 8278 213 5695 2714 8425 7635 6682 6803 3032 1331 8902 2962 9001 5543 119 2582 3227 
28 2584 1764 6245 6655 1250 5542 8201 4950 4799 4864 8358 3191 5137 1701 7948 2185 494 716 1624 6558 3617 8738 312 9766 7100 5844 4585 8909 
29 9168 474 8434 7219 5207 8584 2920 117 7483 7765 5904 4440 5395 9081 3220 2300 3650 6877 9928 5616 7669 2476 898 2294 1378 7858 1071 3826 7775 
28 8078 9157 9441 40 7109 593 1133 6859 9310 550 1290 4021 8604 8446 9207 8490 3400 7999 8495 2650 8212 7017 821 1375 730 8792 5365 1637 
28 4611 3832 5149 4318 8261 215 5052 4472 1730 8123 7036 7811 8861 1261 6228 982 9040 5331 7961 9644 8809 8126 5575 7457 192 7435 6240 7049 
29 6229 4949 9104 9732 4607 4175 899 5424 4465 2001 7415 1899 7830 9135 1452 3463 7700 2568 6045 8674 3097 4744 1481 7998 1281 8559 8225 3403 3107 
30 4891 6330 6796 7638 9811 3557 408 1344 2435 1326 7419 3986 8437 7312 7298 2032 4727 3013 8420 4016 5494 2240 1966 7220 2559 7991 8416 8298 4771 7527 
27 577 1539 3701 6474 627 5318 8958 2433 2207 5142 5592 5249 3849 4578 8422 6786 3928 2029 1252 2688 9684 7301 25 44 3663 1533 9969 
28 5254 2091 7984 3333 9956 2168 9773 4313 4387 9853 1317 569 4266 8752 9381 2060 4538 5884 7079 3252 1332 7092 6986 3948 7463 9113 4516 537 
27 9371 811 1407 4455 9937 8933 3439 739 323 8213 8857 2316 5993 7586 8908 2292 1623 1591 9386 9245 3309 9950 9069 8081 4352 2556 3375 
29 9159 7794 3681 4327 7579 9761 9540 5303 8036 2788 6715 5951 9871 5108 6749 7199 2475 1537 5272 6900 8452 728 2421 1633 4531 3959 1105 8539 2623 
28 9191 4469 8205 5740 7230 4834 738 7605 1525 1519 1986 7824 5828 198 6670 6119 1161 812 8230 488 4772 3655 5359 6660 4872 5257 6647 6090 
29 3831 3756 5503 8919 7890 4655 6262 2918 311 1609 7190 9529 310 9043 9902 5443 1571 8196 8156 8 6605 1041 543 2109 2261 806 7319 764 5987 
28 4065 6668 4994 5129 1024 2401 1203 4089 902 7455 9771 7935 8855 3010 6591 66 8614 3596 9726 2827 7819 2317 7967 4593 5275 6028 1928 7471 
27 3922 4349 1807 6032 3623 289 941 2409 7202 9818 3402 5811 1459 3393 6450 4340 9674 8626 9944 7749 2471 3023 8084 8736 5586 8744 5240 
28 7653 3452 336 3932 3050 1441 3090 177 5700 1668 7108 7056 6060 5767 1783 9066 7292 6853 8161 2277 8557 3712 5408 8994 4437 9094 518 9932 
28 8858 8896 5197 5377 1505 8250 6551 6393 7916 1676 995 1402 5847 339 6156 758 5295 1732 2112 9746 4041 8287 1527 6339 9642 6029 6217 5392 
29 8786 3235 8134 1835 5585 949 6341 8488 4193 6824 7536 300 2408 8020 866 3896 1057 1632 4143 6394 8735 4755 5316 5091 7119 6447 3024 4965 5823 
30 4768 9740 1285 8890 5226 3292 6566 3528 1127 7038 3850 8808 4869 2998 4090 3747 3677 618 8116 6967 9171 6401 7657 4296 7306 9713 5950 3970 5851 2994 
28 1717 4671 8934 7060 6177 4677 1689 499 7993 4542 4504 6449 9618 8066 8148 8051 1169 7425 8419 7780 458 137 8308 3946 3041 9869 966 9837 
29 8141 3075 3533 7358 2140 8074 4001 4858 2908 926 6277 1688 4127 5661 8426 2882 6530 1225 1941 6839 3000 5264 296 3478 2618 2523 5970 8180 6575 
29 586 1599 9037 3385 4415 3680 5693 6866 9044 597 2028 7939 8448 6192 4829 9290 3599 297 3125 2131 1164 9357 5824 7799 6907 7810 491 7593 9556 
26 9888 1595 5077 2526 1961 8417 7915 4145 1693 3110 584 1489 9844 7363 4207 3319 7103 6469 7211 8923 4613 7602 251 5650 8978 6865 
28 5832 8383 5966 9219 4573 4076 6057 6186 9126 8760 2986 8801 5691 3828 9453 7795 8843 5415 148 8570 4563 7465 9620 7517 5685 5591 8683 7690 
28 7883 8447 544 7020 2914 8108 6007 8478 6559 2132 7614 84 1919 6601 9959 234 4549 3891 4911 3600 7565 142 1328 7505 4688 4895 5216 8114 
29 7576 4246 4944 3172 5999 5360 320 2950 2233 1242 5578 1069 2033 7588 5786 6653 505 2684 4853 4606 5607 6723 1443 88 1800 3796 5774 4685 5666 
29 8424 1824 4766 4803 5855 9115 7259 319 2797 8274 51 5964 3975 3629 1294 4669 5076 5056 6039 8839 7067 6122 6066 1900 3800 4479 3138 6639 124 
28 6975 1512 6265 8120 8053 5949 35 4621 7163 9153 8055 3670 5803 7118 6772 6380 193 2181 3261 6604 1357 7665 8929 8032 9947 3758 6969 6246 
28 6507 1942 8710 598 7232 9721 2868 5639 3156 7268 7466 741 2606 680 9299 3616 1918 1645 8113 3282 9333 2117 7666 235 5398 8640 1367 3399 
29 8220 7179 1842 9459 5263 1907 8991 4282 4315 848 5474 4774 4873 2314 5450 2540 5546 8707 6526 5444 2543 6477 9101 2427 7281 6052 1540 6663 6148 
29 719 1466 1425 7183 9559 2212 7488 4828 5760 1370 2286 6318 8335 9278 2761 5732 802 5958 8900 3142 2861 5089 5243 8045 2398 843 4592 6498 447 
29 1574 6897 2890 9797 3306 1644 7176 4795 6817 200 9317 4064 2913 8666 7962 1409 8168 5187 2070 244 7506 1949 8408 9198 9886 5882 2345 282 2494 
28 820 3827 9591 1139 3612 2746 7022 3151 8518 5900 9562 3553 4179 3502 1504 6698 5199 4534 8947 2023 1902 8962 6317 3614 4517 2902 8819 7917 
30 3590 5467 2855 7191 1890 6520 147 8897 8292 9798 2558 6893 9057 7589 8864 8348 4112 9427 8587 8444 8692 1343 1699 2856 2177 2691 8165 2123 825 4184 
29 1579 1492 1712 8625 5612 5086 3332 3205 6738 4325 4691 6820 872 6213 8007 751 7013 2290 5340 4359 3789 4558 6465 8112 7521 1464 4502 212 6422 
29 9180 482 188 16 1267 2775 8375 8572 2161 8238 8215 2643 5974 6253 1530 8129 1376 9509 4826 9009 129 9305 4012 1951 7542 1288 8774 2007 8311 
28 8946 280 457 7698 7650 2166 132 1998 4874 7835 8573 4136 3819 729 6742 7196 4780 9730 246 6458 6825 9789 4850 7125 860 1891 3422 2254 
28 4466 3179 3051 9408 6922 5478 7866 5911 1248 7209 1825 7838 3136 8883 2372 2951 8336 8233 7241 9926 9449 5765 7583 2862 4384 2380 2936 3082 
27 2265 1035 1491 2169 2186 2236 4514 5010 2142 5704 4140 636 3705 522 3137 8497 1231 3638 6132 7444 9176 6209 2926 486 7804 9349 2783 
29 3709 6557 3258 7894 3954 8884 4302 1322 3427 8700 373 868 911 1962 5839 2151 6851 7437 3408 6127 9142 9114 6694 8742 8520 2819 3668 3202 8096 
30 3016 5030 3503 6475 9378 5182 4567 630 8256 3215 8309 5192 9677 9739 6291 7431 9122 5394 8155 6695 4405 1026 3358 3542 4884 7791 5734 3008 6843 7649 
27 5014 5336 4660 4311 2201 7408 7110 7927 1610 1360 9979 9007 8390 4943 6453 2564 3824 9749 7640 8030 9879 932 3098 8782 6823 1399 5644 
27 9014 2351 4808 5516 5308 2101 3541 2158 2624 5068 5096 6585 8248 58 9716 9047 4054 7563 8098 6118 1019 8323 1594 4026 340 4707 7820 
28 1999 862 6595 3598 4050 4587 2346 1245 4953 7390 3330 3392 2780 1056 1968 9729 1886 3184 8054 104 7034 4342 3066 4367 8218 120 2804 7502 
30 1826 7382 9257 26 8282 5423 8651 8285 1932 6944 8588 3262 8562 4428 7532 7276 7556 7737 247 4086 3077 3564 1843 6281 9342 4615 4619 9767 9403 8395 
28 3511 7720 9470 1809 9790 7185 956 5223 2542 313 4844 1742 9458 6716 4317 2187 52 3885 6054 7646 9493 1782 9508 5996 4228 8682 8619 2587 
29 3766 2713 2330 144 8083 357 220 6395 7748 9870 8122 7039 2548 781 3700 3963 2658 9587 9345 9801 3969 6047 267 5234 1347 6327 2544 7885 7215 
29 2209 5326 7015 4870 2506 4248 6727 2136 3100 7745 3608 7928 2495 4423 512 9570 4570 538 3433 8457 1478 9486 1017 7551 8100 6397 4354 5562 4644 
28 327 8698 3991 5134 1325 5436 8727 9380 2179 4158 7037 8505 6948 8142 7012 5565 4525 6760 2460 4663 5933 2089 5657 4450 7152 3148 1136 1773 
28 4078 3171 3501 7481 9520 5229 7299 7675 6230 1872 1158 8350 855 1498 2837 1456 4043 1265 1087 3768 6391 8127 8818 1209 9778 937 7697 6730 
28 7674 7781 2554 2228 6237 5144 6779 5446 1149 8627 6268 5304 8821 7549 1249 1457 9409 588 608 6870 9062 1586 2282 4584 641 3840 9918 6202 
30 7426 3240 5532 4091 6459 4009 5525 6703 7369 4938 2552 83 4582 3360 3974 5230 7069 2695 3293 8304 4301 1569 7736 5932 8576 4061 5569 9071 4963 2681 
27 78 7539 498 9804 4123 2058 1917 1098 3908 5412 8611 3094 5093 917 7159 5573 7003 967 5623 757 4409 4039 344 240 8317 946 4275 
29 4974 6683 7689 2042 9033 785 7327 6295 4457 893 4945 7958 394 1406 3461 7307 9297 6326 6792 5061 1008 269 3577 4721 7705 8658 8270 362 3708 
28 3123 9850 5345 9669 1795 2138 173 8581 2274 7709 7925 1709 6763 4074 5346 4378 5741 2702 3337 2816 8229 5558 5158 8241 3355 6271 1212 592 
28 3387 7639 7695 8745 421 1681 3783 4566 1777 8289 3379 4591 4376 7288 7491 1114 2727 7808 2988 8525 7535 5141 7658 5728 566 4580 2444 8816 
29 6950 5535 910 130 5181 7679 216 7227 8642 3565 2943 8347 6018 3807 3889 2015 633 1013 6476 8303 1159 6536 8252 7520 2976 8376 3083 3872 977 
30 3353 2191 6610 7331 7742 1515 6731 3997 9986 9314 5407 9720 1460 8605 9279 8254 8610 8972 9624 8984 4429 7057 622 4265 5764 9517 6068 788 7655 2436 
27 1813 3492 8903 3914 4386 1923 8410 7489 9457 6740 8466 1215 1303 7005 3026 3458 9525 5617 1823 8524 469 699 5342 2203 7968 1875 1868 
28 2417 4632 2512 9079 6278 3242 8577 3715 1118 5906 3273 1371 2014 8109 8355 3641 3068 5060 6685 1561 7085 8456 8088 856 2170 451 3038 4539 
29 4141 8339 4169 7744 2085 589 4137 6218 2832 1980 8260 3490 3635 7663 3446 2251 7499 5825 9017 3372 3965 6108 9569 4255 8749 5548 5432 9782 3143 
30 4523 9194 9366 7929 5534 3845 9165 6643 8001 3654 9274 7305 3515 4547 3778 3983 6134 2312 6387 9676 2696 8059 1827 2545 1995 6222 6972 5780 836 4789 
30 654 3496 1067 9385 663 5051 3667 6286 6547 1219 6188 8889 3846 954 2759 7238 9400 9469 9070 8056 5087 1438 2438 6489 3438 9633 5430 2915 4767 1635 
30 2038 6257 552 874 2860 4165 4942 3079 2266 2937 6472 5413 1045 7370 7388 1885 1068 2753 9103 1523 5431 9028 8881 3165 8836 1834 2749 5667 9841 4188 
29 5777 8406 6857 659 1380 4530 3669 4454 1679 8988 1309 6674 2080 3269 153 8373 6104 3432 7495 4781 346 2619 7360 9034 1958 9023 2273 3285 1921 
29 9189 3169 7421 9592 879 813 7872 8848 4577 6357 9793 3454 7701 3028 7587 6644 8773 6343 772 4725 6070 1953 9301 8555 6867 6762 2829 1954 8799 
28 701 3632 8227 3781 5333 1715 9856 365 9437 9231 5059 1395 1405 7150 9763 3495 9264 4946 8643 5099 4234 9399 9004 9170 3717 3653 9018 496 
29 7584 9445 3534 2876 3331 8072 2710 5784 22 5183 257 7275 8769 1321 9672 1830 5982 7438 4299 9337 7821 5544 8014 2340 889 6308 4683 1851 8314 
28 1048 8504 9747 1051 9150 4867 4722 4478 8441 3865 9835 1329 4667 7740 8140 2581 5239 4453 3414 9125 4920 8635 6981 7647 1943 3522 8583 1990 
28 6423 1831 5555 7982 4400 5313 8957 1151 1802 7097 6609 8296 7990 1929 2114 623 14 6905 8429 9946 4253 4283 1669 4369 1509 8305 371 9643 
28 9925 2550 1339 5669 1049 5416 8500 6652 2039 7876 2100 5791 1097 2657 5191 8175 4610 2227 9597 6383 2002 9849 857 3588 6929 9398 7004 6135 
29 1641 9826 9131 9130 1855 73 3573 3604 3500 7812 8147 5963 5441 5782 3941 998 1616 1351 1741 6307 7504 7686 4484 7512 4366 6415 7261 4268 9163 
29 9601 5837 328 3519 1863 837 2053 4298 1012 3158 6037 2522 1023 7404 4713 8762 2193 3814 7813 3737 6193 5788 3526 8763 6086 9208 852 6269 1185 
27 3423 8961 8143 968 2395 7086 6112 9186 8974 878 1206 6882 9464 8489 8732 6204 4704 5733 6555 6880 5518 2978 3111 2537 2959 6960 8351 
28 4764 2795 3339 7351 5520 6322 6519 2337 194 1680 3431 5405 3622 1721 6502 8283 7221 5640 8459 6984 2773 3002 2991 3649 3197 4422 8631 647 
29 175 3209 9460 7394 5116 8714 3537 9223 1944 6535 1259 4857 7531 8665 5073 5727 6432 381 1652 6020 8021 317 8852 1716 77 3601 5712 2668 8385 
29 602 5944 2813 5751 1600 7773 704 3871 383 6675 1074 7906 9072 7300 9367 2982 3073 6940 8396 2271 6247 7 9225 5120 4927 6013 8060 5513 7534 
28 3875 9038 8977 460 3391 5210 9407 3587 9451 2009 8677 6145 428 4918 5842 1536 3376 5773 2362 6004 162 2588 4038 4961 4840 951 2561 6511 
27 4119 8653 8017 3064 9627 6746 7800 2613 7105 9760 2412 4410 8279 2006 2466 8702 923 1748 8704 1663 7055 2383 6833 2385 1323 9873 6207 
28 3440 5160 5595 6864 432 9907 3847 5433 243 3320 3863 7076 8591 1352 7844 4845 2653 325 9530 6381 6913 5025 8632 8777 7746 3057 7903 2155 
29 7782 3720 9820 665 3762 8701 8178 209 3544 871 203 2122 3134 4546 337 2278 6396 9534 7262 1230 8064 366 3627 2072 218 253 3226 5551 849 
29 1572 8545 2241 8356 4219 1448 2167 3348 7392 9006 1423 4921 8892 4599 3377 264 1832 5242 5150 9083 3296 2621 9108 1108 2269 8987 3985 4881 7641 
29 7995 534 7309 850 2051 2912 5348 250 1657 3167 3794 9993 7941 5306 2615 8780 112 6962 307 7710 8656 5743 6840 6751 2095 4291 8959 6974 9958 
28 6808 6982 2874 3694 9454 6280 9864 6979 3675 7847 6287 8507 6143 2560 6837 183 6512 2700 3690 4333 6855 9945 5599 399 749 1655 8945 2217 
28 526 6152 9940 3417 6822 8320 939 4724 2919 5659 1493 9116 6429 8255 4276 6075 8867 3253 5708 5267 1432 9550 9903 2046 6506 3664 5953 1911 
30 934 8121 4807 7552 7442 9980 4627 9745 8349 1871 2083 3925 7645 6581 3812 2704 2527 7673 4738 7133 3916 945 6109 3977 6 4571 127 6161 5418 6091 
29 9282 1271 8286 3682 9754 1787 7891 3803 9289 2320 7776 1915 1262 2893 9430 1927 7889 8119 6964 4330 1324 9379 6541 6248 2866 6988 5374 2957 233 
28 3155 8472 9756 6889 2747 8526 9235 6470 9531 8794 4168 3310 3011 7919 3401 9312 9999 285 4357 4972 329 3200 7252 3081 8803 617 4866 6441 
28 5046 27 5213 2472 8204 167 6128 190 1032 7503 4375 6719 580 7044 3512 6315 759 8795 5165 8748 5785 6289 6832 9863 7789 4791 4063 7010 
28 6042 8184 5608 3640 2755 7482 163 5925 7356 5769 4958 2590 1389 3095 6996 6846 4027 2975 9144 5194 2455 1018 4319 4287 8164 467 7362 7936 
30 9111 9887 9202 7724 2906 4286 8281 572 3480 9425 6015 7091 2502 2017 2056 3152 7909 7932 2929 6505 2127 4675 6101 8706 6022 6533 587 1184 6061 7577 
28 746 994 8740 2599 2323 1994 2637 3489 5570 7374 4178 8976 5162 1418 2671 4109 7081 5236 9779 829 2035 8102 5873 5665 7923 4274 4940 98 
29 2851 5147 3833 1014 3126 1025 1760 8790 1174 8262 5070 7352 798 5894 8334 9024 1496 6180 5957 3031 46 2222 284 372 2063 20 7214 9786 4871 
28 152 2090 7496 9632 9273 9625 4323 3830 6750 7670 199 9218 133 3609 96 4492 8023 9867 1116 8600 1362 4463 7228 4646 7050 1801 1268 2288 
29 2805 9246 9913 3260 7699 1562 7361 9892 7405 7661 7727 545 6115 3321 5581 8223 1173 4406 8171 992 5469 5892 4569 9977 6713 9563 3345 5717 7460 
29 1965 1846 5136 1036 3410 5066 8368 402 4672 8398 4520 7753 3416 2724 5994 6895 4434 8217 5357 3773 5891 797 1129 814 9112 5787 6320 4635 4347 
28 9049 7205 5771 7581 6284 7430 1854 5875 7931 2646 8153 7059 7989 1642 3801 1416 514 595 6527 1379 3140 8357 3578 7595 7192 3652 3633 2504 
29 13 3704 7115 3044 9382 7249 7870 174 266 9254 4665 7334 5281 3543 7696 4120 254 4033 354 1806 8825 1475 9536 6887 2257 1629 5698 503 7207 
30 4071 9538 7475 5553 9899 9097 6411 2450 5406 8483 3742 9412 1524 2877 1829 9552 5971 9734 3602 4787 6314 6373 9086 4036 5009 8343 6495 8105 3580 819 
29 8551 286 5528 3618 2350 7519 1430 8798 4452 1477 7815 353 8899 986 9008 984 6323 6850 7189 4133 4668 1388 7905 2302 4360 573 1079 3530 9784 
28 2182 1468 191 6234 6556 682 134 6978 789 4579 5327 5282 6471 5006 4146 7206 4035 7333 8705 725 7389 6273 3459 7617 1446 7470 9860 973 
29 5057 9727 4951 6258 4560 3266 8293 5670 9675 9220 2243 4657 1618 345 7112 5114 6565 3204 9528 1291 3012 1513 8079 7490 3842 1798 448 4540 3048 
29 8097 5388 416 7384 6445 9629 2018 5506 8840 9634 161 258 7157 8149 4332 7758 7994 3615 9897 7571 3270 8157 1500 4681 6408 9099 3816 3106 7540 
29 1386 7487 271 5310 462 6868 2298 6361 1759 5763 1643 5550 6085 1483 8675 9252 5790 3820 4404 6957 7255 3689 2784 1685 2533 1634 5609 2493 6121 
28 1587 436 8870 2012 9836 3122 1750 2794 8541 2595 9545 1003 6878 965 3897 3895 2806 424 9614 9639 8508 1086 1374 8043 7107 3697 4256 2678 
28 9155 9447 7871 8052 9268 1588 8865 6902 8235 204 7484 6651 5428 877 7099 3102 8519 1910 19 8612 8467 5011 6911 4416 9705 5092 1559 8753 
27 6424 1359 6959 3476 3 2394 6427 2574 7869 4272 4544 6434 6368 6129 8761 1439 3740 5816 3714 5807 4024 4209 732 3239 1263 5372 7568 
29 962 6488 5865 7026 7769 5126 8609 5457 5168 2511 9976 6648 116 9414 2204 9673 6384 4557 2754 7041 6468 5145 4426 4993 1287 2308 2441 3957 9192 
29 1753 6425 5938 8547 1390 7607 9477 3430 3176 21 7082 4892 6082 5909 5804 5924 8758 7975 6789 7507 5414 146 4362 983 7604 9320 7002 8132 9510 
28 5062 9662 49 8324 8820 6379 9599 8911 943 6711 9815 5169 865 3317 57 7763 4438 1450 535 6529 1200 7818 1311 9557 6059 2716 2781 7907 
27 4322 159 68 2003 1241 208 5079 2489 5802 6364 7767 6814 1972 2730 3786 7200 5081 478 9473 9026 1514 6355 7734 3015 4682 6513 5470 
28 1769 5383 8399 6155 1421 1575 9467 9133 8004 5508 5647 6954 8538 4218 4637 8031 8401 5899 8291 5179 4198 9210 8716 8770 5805 321 4526 9204 
28 6669 553 6250 1152 443 4730 185 794 5369 363 360 7009 3879 32 99 6111 904 7410 2259 672 8091 8411 4155 1786 9476 9164 4897 6596 
29 660 1038 7014 4824 3323 7728 2838 8423 9854 2654 7131 8907 2842 4161 8621 6968 4059 1584 8300 1757 1775 3294 9657 2896 7154 5809 5161 3868 8696 
28 6603 5583 1983 3866 9263 7952 2782 7278 4079 2799 9839 1585 924 2428 9712 4737 803 5385 8331 864 4007 1162 9819 4042 9542 4699 4135 7260 
28 558 4236 854 9884 6444 8462 6686 1306 4031 718 6582 4295 6176 1856 7033 8200 2200 6739 3245 8473 786 8075 3713 9253 8409 8941 3444 2451 
28 138 352 9951 9606 3291 6753 7691 1302 8042 3545 7122 4212 8938 3382 8871 1887 5614 7040 4439 1284 988 8427 8648 9524 6704 2041 9968 7555 
28 8315 6062 5917 5696 2555 1913 8746 3040 8000 4055 4062 2050 5768 6388 5820 4414 9560 9653 6827 5164 4709 3591 8838 5702 5536 2516 9697 6164 
29 8099 4805 1556 5247 6102 5020 9831 9546 9362 4174 9690 1564 8931 6728 4045 6418 4072 2245 2321 5468 7160 8069 9610 3224 2812 9788 5729 5029 6835 
29 9435 1191 8850 5115 9129 5251 4553 9184 8460 3304 2909 9575 4002 3415 6757 1866 6924 4645 6678 8208 9234 2764 6848 735 5615 9679 9748 4923 4978 
29 6392 4447 4088 4909 5968 3757 3443 4350 2541 4885 615 3506 76 4215 1914 5373 407 9553 6417 9911 658 2461 6801 661 7713 3406 3404 1946 7492 
27 1577 523 9236 422 3347 2301 2410 4640 9442 4822 822 9222 3806 1171 9617 8028 1581 7168 5929 5663 9318 1277 3943 5276 4512 7315 5921 
29 7937 405 8969 8949 3764 3755 7239 5177 9491 2947 2260 7554 249 628 6426 6166 8087 6725 326 3566 4216 723 5381 1337 4381 2501 9615 7178 7417 
29 7828 2202 8781 2195 4084 6027 883 4758 6515 8499 7068 9372 3771 1553 4761 4756 7834 6487 6232 1335 1355 3538 783 7523 6784 2911 4586 8898 1766 
28 9988 2496 1746 6871 8613 5945 5706 1770 743 3532 8258 3055 8721 3730 2666 1598 7803 8321 4451 5111 890 1501 2079 6769 8197 3457 2467 3554 
28 2993 839 1140 2037 3164 4278 6244 8251 5975 2055 6862 2389 909 8650 3684 6492 1789 1625 9807 6131 3593 5019 3424 7711 5231 7801 7805 697 
29 207 3628 6151 1100 2353 504 3804 5850 5253 2175 4652 6914 2857 5259 4617 1413 1383 7248 1845 6035 4225 7827 5140 809 8845 8195 2850 4712 7264 
29 2452 8568 4238 1976 2239 8966 5683 9439 3882 3212 1256 6183 7877 3893 7702 369 4800 180 2402 7098 1945 1155 7501 1997 9865 638 9003 6830 419 
29 5919 1573 9336 6928 6407 3412 9504 2745 8377 8476 7522 2826 4985 4743 2348 733 1088 1950 6958 913 707 6852 8739 5515 6002 1486 6496 6898 960 
28 4960 773 7439 1275 6563 3186 4069 2744 4341 7462 9281 6460 6612 861 2369 7385 2972 2229 6734 6346 7269 5437 1841 1181 3451 3474 9995 7368 
29 9215 4433 563 3735 5713 8726 4394 6919 2960 5322 2760 2610 2092 1761 3271 815 999 5631 2602 176 7548 1274 8789 4108 3930 9535 6435 4111 5738 
29 3256 6347 1751 4535 7116 3118 9989 3182 4003 2722 8917 9654 8337 9736 1726 3370 2364 4541 9896 5288 7786 2210 7073 4510 2938 4600 1473 6546 3232 
29 7148 9243 3471 3201 9751 3411 1055 7054 3195 8874 5119 3494 9809 225 3003 270 1840 5001 5186 4499 2750 7193 5452 3995 3141 3988 6184 2786 3642 
29 7324 8432 747 2614 2352 343 8737 8645 8316 4792 5440 2935 6178 7612 639 3470 4740 4070 4604 3792 3874 8202 808 6688 2054 501 3218 8307 5885 
27 7822 6597 2005 4917 4697 9242 7598 793 7304 1435 8734 8989 9501 1145 3389 9011 255 4860 7095 1077 9259 1031 7717 6818 2572 5960 7533 
29 7633 4066 5721 667 5456 4393 8093 6215 2707 5384 5036 7983 6025 3065 2010 4477 2462 8333 9465 7963 9578 6290 9948 2964 8002 7741 8771 5681 1289 
29 6197 8128 8492 3903 291 1264 970 4487 2961 3481 886 1630 2066 7321 5947 367 8276 6400 1565 6949 6372 8863 8344 823 3687 2567 1615 1345 2630 
28 9714 9213 2000 1772 3177 1604 851 5512 5935 4241 3035 5289 858 8137 7310 8498 8461 1216 4806 1605 1982 2392 5337 717 9064 1638 6133 4901 
28 7609 2335 487 7084 979 5166 7347 8517 4446 6531 881 2184 3368 4226 1819 7626 4752 6736 7825 6081 8888 695 3510 1119 4380 5845 9410 7364 
30 3236 5557 1704 7969 60 8549 2106 3651 5312 6567 5601 1002 564 5817 4551 2741 4700 9077 5131 9783 3738 6243 4242 2612 8747 3859 6012 1607 3159 4300 
29 445 9589 1924 3350 9428 6452 7359 3465 5074 7291 4818 2539 683 1774 1052 3961 6079 6965 7093 348 3935 7469 1372 6103 8779 621 2067 7194 5638 
28 6638 8152 2604 2396 5082 5522 3741 1821 2843 5749 6252 9628 6137 4199 1535 6802 762 3162 8138 3017 3230 712 2483 4008 426 24 1106 9982 
28 8995 3181 1186 2940 9190 9678 236 3281 4190 7024 6263 3548 9300 7290 1137 9830 2425 6443 1400 3357 8280 7902 7440 634 427 7938 1653 7652 
28 5465 3665 9743 1590 1197 7144 8711 8679 5176 1132 8877 6672 9497 6386 863 1453 2315 5205 6759 5458 28 8676 9377 1930 3354 2904 4832 6173 
29 8849 2607 8170 9891 7416 6767 5796 2762 1167 5434 3105 7387 4952 7846 5427 895 3672 8667 7570 7783 4854 7302 5992 7987 2405 9934 3092 9829 3870 
28 1141 3288 9584 9304 8234 6125 8970 8264 5343 9889 1724 2044 5367 2617 8926 6223 2663 3007 4159 6107 5753 5776 3848 8247 3607 9388 5227 8694 
26 2672 8183 4507 4442 4227 7406 9571 420 5028 4497 1988 832 8807 669 2593 5688 4056 1850 6514 7145 8922 113 4297 3906 2099 3071 
28 4616 3856 502 1745 7992 5714 6167 1707 7045 3313 38 1163 3488 4986 9060 4488 6078 6050 5655 7634 155 1658 1005 6431 4973 3328 6189 5988 
28 1817 5049 8797 817 1123 555 3326 5302 8993 8655 9526 4316 2833 5265 8796 2283 9209 398 2164 3732 4508 3691 9167 8542 1393 7246 1522 3531 
28 4804 4662 8952 3867 2343 795 5188 3556 530 5293 3078 7423 5689 4180 4633 6611 101 5003 2022 7797 3624 9036 1546 1728 2703 5280 9724 3116 
28 3145 8440 3383 9224 5005 2218 6221 9172 2281 2457 3743 2656 2818 8015 475 9050 4555 2333 3569 4142 8354 2074 9637 4905 1939 9463 696 2661 
28 993 3929 7380 4480 5940 1283 456 9583 685 3254 1749 4290 9309 2817 6692 4934 7733 4609 483 5625 118 6420 2883 859 6159 6404 1665 694 
27 2636 6785 8513 9785 8751 9241 466 2679 8728 6856 7267 71 6337 2424 6540 3047 4118 7350 260 6645 4620 607 3219 4138 6637 6633 4605 
28 4077 8983 928 1398 4933 1076 1804 9461 1620 7450 3603 292 7308 7258 3514 274 2216 8269 5778 7446 4445 1912 2732 6251 1705 5375 7153 9346 
29 1109 3247 1021 69 3707 9963 9955 1258 2562 1301 2867 7282 7949 9 278 6930 6621 1240 370 5923 7971 3523 7687 6053 4666 5747 2789 1001 5707 
28 3815 5241 736 7985 5705 2840 9395 689 1671 9917 5124 9651 6908 2981 9681 4750 4493 9266 6140 8340 7250 8905 6659 181 8244 6266 2530 9307 
28 8407 5041 5545 3763 3671 393 2771 5887 3785 594 1548 8106 9287 568 4421 8999 1195 2319 3945 6894 3658 9972 8510 4020 6041 8986 8387 75 
28 7914 2765 5334 1205 6748 2664 4694 80 5496 8689 2928 6849 8661 6406 9177 4676 6306 9998 4861 3217 9265 8951 752 5294 8981 8228 5915 7774 
28 666 9288 446 6756 5448 7842 9565 3821 431 8325 5329 8455 7001 8901 2326 6376 303 9706 549 1065 5363 5319 4979 4746 5344 7817 5779 2659 
29 2378 6980 1113 1700 2147 5499 7441 5084 3487 3280 3407 5497 8094 4448 5299 7898 4103 7628 5853 3999 3966 8474 6593 9124 7518 5491 6524 2134 5255 
29 9872 6154 450 8130 5117 8954 9961 6389 1354 1020 2725 2948 3686 4160 2739 5758 5590 1611 7208 6270 1384 29 5305 5677 2731 2088 7861 2386 7911 
29 4852 596 8073 7516 5400 6657 6676 5556 6163 1792 9970 686 4430 1847 3063 9196 9323 5154 2453 1901 727 242 8388 9881 1518 497 8236 9555 1363 
29 9340 8207 8592 1520 3696 5 1593 4809 5301 1545 4460 6224 8956 7104 557 3211 9119 1906 2246 4441 5421 9206 8853 2778 4877 3274 5928 6587 9212 
27 9742 2583 2524 5171 9777 3949 6359 9415 4483 5297 9089 3721 6701 5072 1221 7236 3327 7632 8086 410 7169 1857 8527 8117 2907 2456 1864 
26 3877 1365 4099 2767 8439 4887 5637 8249 5071 2078 9332 8231 2682 2342 9598 6768 9156 4879 3178 1859 8169 6534 3993 5618 283 4916 
29 601 6319 5653 7244 1554 4005 8257 9272 7981 6296 1837 3298 7007 603 3175 7053 2798 5810 2420 1101 5722 3087 4176 2197 4984 8880 2371 1690 4659 
29 5354 4166 7042 6382 6504 3881 7513 2728 5146 3774 2011 1172 799 1170 8550 5622 649 7023 4649 9271 1922 3676 7977 197 4936 4981 8574 9838 7796 
27 8346 9791 2205 2293 571 3346 6036 8076 1081 5222 5983 67 2019 7344 3692 9483 3890 8491 4837 5871 8275 8622 818 9148 9987 1739 7899 
27 5370 4794 4214 2430 5797 8756 5587 4630 5355 4684 9502 6367 9389 3723 2979 5484 6712 5927 454 1078 8485 6335 9962 12 7008 9847 2149 
28 570 8835 4067 5566 8693 5744 4231 7338 9149 5490 452 7766 8035 7623 7725 4113 2419 4706 508 122 7920 5872 9201 6761 205 8585 2810 1199 
28 9328 1734 2693 8327 7147 3731 8968 6854 6331 7743 9812 3631 5905 8038 7882 4819 3113 905 5920 5620 3864 3483 5017 2844 5526 9731 8167 6787 
29 1938 6931 2557 5461 5574 4309 9485 8506 4264 8224 6707 527 5451 5015 5718 3067 56 9487 6775 8856 6031 1687 2025 7289 7164 3421 7474 1791 582 
29 1472 23 6640 3951 2013 7158 4597 3558 7142 6630 5597 7195 1436 7712 5972 7615 3799 3193 7225 438 7547 9715 2566 1878 5864 7156 3349 3540 7756 
29 8090 5613 3027 2305 9621 9708 6105 6994 8812 4306 1683 9110 2382 2354 9256 3888 86 5487 8804 4894 4554 5902 1447 8802 5391 6008 2969 9882 6906 
28 5955 5756 8297 9286 8765 4093 679 2247 3912 5879 4431 2178 1933 4382 6836 9355 4955 5287 4812 9693 201 3561 351 2328 547 2189 3901 5320 
27 8546 8177 5031 2135 8046 675 1368 4575 290 1226 4028 1920 6174 5716 6998 3574 4648 8107 1884 6019 7594 8965 4631 9134 8272 1697 5044 
29 3363 2864 4503 2384 2841 7974 3001 7541 87 6412 5064 2397 5080 1103 4177 4328 5567 3419 7314 1273 1722 5449 3257 2360 6201 480 3072 7066 7341 
28 4473 3505 6046 2756 8277 740 9456 3647 5425 4204 1889 6456 2121 7973 8560 5268 2224 6628 8186 6199 5563 9840 4848 1978 581 2848 7123 2528 
29 5500 6001 810 4896 5598 9258 4948 9898 8469 3835 7706 7596 8332 5379 4902 9140 7181 3852 1043 4491 6259 5710 459 5538 6920 103 8589 7747 1445 
28 3265 6214 9787 1278 9974 5058 4116 8389 1007 6989 8189 109 6044 4365 8221 2411 5038 2596 9269 5888 2655 828 9924 9285 396 3719 2215 1793 
29 8644 1893 6093 7449 3367 4983 2642 3203 9851 6097 1419 2325 5411 4748 4213 2256 8210 9671 7832 8869 6095 9744 1506 2434 3214 5937 9293 7322 900 
29 3611 6497 8080 7253 8530 9590 5857 8718 5105 2989 7409 7000 8659 2004 178 8475 9197 5539 5098 705 342 4154 1153 7897 1237 2514 769 3769 6216 
28 8709 612 5476 7279 721 1677 1898 4017 2955 7284 2887 8722 1029 9547 6350 5248 6110 2272 5630 4203 4849 3022 4326 1682 731 2268 824 5273 
29 4049 726 1670 9128 6283 4739 6826 6409 987 5055 8862 4515 9280 125 2220 2949 2740 4321 3880 1582 1334 7454 4912 9348 7524 8846 624 6149 4977 
28 9284 5008 6778 3373 7383 1794 33 106 1897 1692 972 6773 9303 6457 2464 6841 6953 1640 9641 3761 7904 2363 5445 455 415 7900 5635 3006 
28 671 6671 9492 170 3992 4082 5351 5759 9954 7664 9500 9964 4402 2967 1517 3939 7129 1656 2192 4233 4816 114 3135 8058 3710 8918 1503 1508 
27 9321 5130 9075 9352 8193 2221 4975 1194 6523 7610 4443 5018 1176 9455 6175 5026 8757 7141 9237 6934 5250 3374 5660 8712 4954 1150 3808 
28 4753 5939 227 4239 7151 7180 2057 6437 5439 5568 4782 778 1650 1046 6147 7378 4509 2899 8671 3428 2932 3053 1297 9978 5985 5285 6157 1993 
28 8057 9498 8027 3268 1462 1373 7379 4025 2071 1104 7771 8691 2675 7130 3344 7750 5692 4399 7325 4220 3739 2905 4705 4337 3779 9438 845 1154 
28 4760 9031 656 3919 7367 2126 5201 2021 8182 5397 6586 5488 5219 1838 713 3886 1848 8082 9511 8312 959 2579 6139 737 6532 3289 7839 511 
27 8724 476 1066 7323 5896 5368 5170 9240 9339 3813 3892 5694 9311 5833 3753 3129 4482 5246 5605 5745 7954 7600 2115 7807 3120 2532 9768 
27 3562 6578 5537 2479 919 8381 2232 7046 4262 1166 9466 6114 5075 5956 8960 8480 6083 347 4029 1628 8192 3661 2571 4237 3381 4364 6479 
26 5262 4757 1442 6211 8176 4356 1549 3508 4882 5830 6182 4598 1894 5485 5755 2839 2598 9226 1703 3133 3688 6011 1881 4998 8443 4678 
29 7662 275 1531 3987 1124 678 6618 3644 2322 9658 790 8623 5998 3241 5808 5202 1488 211 7879 9429 4285 1072 5649 1686 5795 677 8374 7608 6576 
29 4661 626 128 896 2815 4355 3272 6538 4229 8511 9908 8616 1952 1401 6624 9098 5174 3594 2045 5641 921 6455 5709 8788 9805 990 2059 8470 9138 
28 6845 846 4751 8733 9816 6292 8050 5396 3777 1089 1092 2153 7072 989 3674 2821 3109 1720 7762 7051 3924 9859 5719 3208 1937 2008 5481 5561 